Determining if the pthread_create exist failed with the following output:
Change Dir: /home/mati/Documents/FinalRobotica2018-master/catkin_ws/build/robmovil_planning/CMakeFiles/CMakeTmp

Run Build Command:"/usr/bin/make" "cmTC_ac2ac/fast"
/usr/bin/make -f CMakeFiles/cmTC_ac2ac.dir/build.make CMakeFiles/cmTC_ac2ac.dir/build
make[1]: Entering directory '/home/mati/Documents/FinalRobotica2018-master/catkin_ws/build/robmovil_planning/CMakeFiles/CMakeTmp'
Building C object CMakeFiles/cmTC_ac2ac.dir/CheckSymbolExists.c.o
/usr/bin/cc     -o CMakeFiles/cmTC_ac2ac.dir/CheckSymbolExists.c.o   -c /home/mati/Documents/FinalRobotica2018-master/catkin_ws/build/robmovil_planning/CMakeFiles/CMakeTmp/CheckSymbolExists.c
Linking C executable cmTC_ac2ac
/usr/bin/cmake -E cmake_link_script CMakeFiles/cmTC_ac2ac.dir/link.txt --verbose=1
/usr/bin/cc       CMakeFiles/cmTC_ac2ac.dir/CheckSymbolExists.c.o  -o cmTC_ac2ac -rdynamic 
CMakeFiles/cmTC_ac2ac.dir/CheckSymbolExists.c.o: In function `main':
CheckSymbolExists.c:(.text+0x16): undefined reference to `pthread_create'
collect2: error: ld returned 1 exit status
CMakeFiles/cmTC_ac2ac.dir/build.make:97: recipe for target 'cmTC_ac2ac' failed
make[1]: *** [cmTC_ac2ac] Error 1
make[1]: Leaving directory '/home/mati/Documents/FinalRobotica2018-master/catkin_ws/build/robmovil_planning/CMakeFiles/CMakeTmp'
Makefile:126: recipe for target 'cmTC_ac2ac/fast' failed
make: *** [cmTC_ac2ac/fast] Error 2

File /home/mati/Documents/FinalRobotica2018-master/catkin_ws/build/robmovil_planning/CMakeFiles/CMakeTmp/CheckSymbolExists.c:
/* */
#include <pthread.h>

int main(int argc, char** argv)
{
  (void)argv;
#ifndef pthread_create
  return ((int*)(&pthread_create))[argc];
#else
  (void)argc;
  return 0;
#endif
}

Determining if the function pthread_create exists in the pthreads failed with the following output:
Change Dir: /home/mati/Documents/FinalRobotica2018-master/catkin_ws/build/robmovil_planning/CMakeFiles/CMakeTmp

Run Build Command:"/usr/bin/make" "cmTC_6176a/fast"
/usr/bin/make -f CMakeFiles/cmTC_6176a.dir/build.make CMakeFiles/cmTC_6176a.dir/build
make[1]: Entering directory '/home/mati/Documents/FinalRobotica2018-master/catkin_ws/build/robmovil_planning/CMakeFiles/CMakeTmp'
Building C object CMakeFiles/cmTC_6176a.dir/CheckFunctionExists.c.o
/usr/bin/cc    -DCHECK_FUNCTION_EXISTS=pthread_create   -o CMakeFiles/cmTC_6176a.dir/CheckFunctionExists.c.o   -c /usr/share/cmake-3.5/Modules/CheckFunctionExists.c
Linking C executable cmTC_6176a
/usr/bin/cmake -E cmake_link_script CMakeFiles/cmTC_6176a.dir/link.txt --verbose=1
/usr/bin/cc   -DCHECK_FUNCTION_EXISTS=pthread_create    CMakeFiles/cmTC_6176a.dir/CheckFunctionExists.c.o  -o cmTC_6176a -rdynamic -lpthreads 
/usr/bin/ld: cannot find -lpthreads
collect2: error: ld returned 1 exit status
CMakeFiles/cmTC_6176a.dir/build.make:97: recipe for target 'cmTC_6176a' failed
make[1]: *** [cmTC_6176a] Error 1
make[1]: Leaving directory '/home/mati/Documents/FinalRobotica2018-master/catkin_ws/build/robmovil_planning/CMakeFiles/CMakeTmp'
Makefile:126: recipe for target 'cmTC_6176a/fast' failed
make: *** [cmTC_6176a/fast] Error 2


