[  0%] Built target _robmovil_msgs_generate_messages_check_deps_Landmark
[  0%] Built target _robmovil_msgs_generate_messages_check_deps_LandmarkArray
[  0%] Built target _robmovil_msgs_generate_messages_check_deps_Trajectory
[  0%] Built target _robmovil_msgs_generate_messages_check_deps_MultiEncoderTicks
[  0%] Built target _robmovil_msgs_generate_messages_check_deps_EncoderTicks
[  0%] Built target geometry_msgs_generate_messages_nodejs
[  0%] Built target std_msgs_generate_messages_nodejs
[  0%] Built target std_msgs_generate_messages_lisp
[  0%] Built target geometry_msgs_generate_messages_lisp
[  0%] Built target _robmovil_msgs_generate_messages_check_deps_TrajectoryPoint
[  0%] Built target geometry_msgs_generate_messages_eus
[  0%] Built target std_msgs_generate_messages_eus
[  0%] Built target geometry_msgs_generate_messages_cpp
[  0%] Built target std_msgs_generate_messages_cpp
[  0%] Built target geometry_msgs_generate_messages_py
[  0%] Built target std_msgs_generate_messages_py
[ 18%] Built target robmovil_msgs_generate_messages_lisp
[ 37%] Built target robmovil_msgs_generate_messages_nodejs
[ 59%] Built target robmovil_msgs_generate_messages_eus
[ 78%] Built target robmovil_msgs_generate_messages_cpp
[100%] Built target robmovil_msgs_generate_messages_py
[100%] Built target robmovil_msgs_generate_messages
