Determining if the pthread_create exist failed with the following output:
Change Dir: /home/mati/Documents/FinalRobotica2018-master/catkin_ws/build/lazo_abierto/CMakeFiles/CMakeTmp

Run Build Command:"/usr/bin/make" "cmTC_42641/fast"
/usr/bin/make -f CMakeFiles/cmTC_42641.dir/build.make CMakeFiles/cmTC_42641.dir/build
make[1]: Entering directory '/home/mati/Documents/FinalRobotica2018-master/catkin_ws/build/lazo_abierto/CMakeFiles/CMakeTmp'
Building C object CMakeFiles/cmTC_42641.dir/CheckSymbolExists.c.o
/usr/bin/cc     -o CMakeFiles/cmTC_42641.dir/CheckSymbolExists.c.o   -c /home/mati/Documents/FinalRobotica2018-master/catkin_ws/build/lazo_abierto/CMakeFiles/CMakeTmp/CheckSymbolExists.c
Linking C executable cmTC_42641
/usr/bin/cmake -E cmake_link_script CMakeFiles/cmTC_42641.dir/link.txt --verbose=1
/usr/bin/cc       CMakeFiles/cmTC_42641.dir/CheckSymbolExists.c.o  -o cmTC_42641 -rdynamic 
CMakeFiles/cmTC_42641.dir/CheckSymbolExists.c.o: In function `main':
CheckSymbolExists.c:(.text+0x16): undefined reference to `pthread_create'
collect2: error: ld returned 1 exit status
CMakeFiles/cmTC_42641.dir/build.make:97: recipe for target 'cmTC_42641' failed
make[1]: *** [cmTC_42641] Error 1
make[1]: Leaving directory '/home/mati/Documents/FinalRobotica2018-master/catkin_ws/build/lazo_abierto/CMakeFiles/CMakeTmp'
Makefile:126: recipe for target 'cmTC_42641/fast' failed
make: *** [cmTC_42641/fast] Error 2

File /home/mati/Documents/FinalRobotica2018-master/catkin_ws/build/lazo_abierto/CMakeFiles/CMakeTmp/CheckSymbolExists.c:
/* */
#include <pthread.h>

int main(int argc, char** argv)
{
  (void)argv;
#ifndef pthread_create
  return ((int*)(&pthread_create))[argc];
#else
  (void)argc;
  return 0;
#endif
}

Determining if the function pthread_create exists in the pthreads failed with the following output:
Change Dir: /home/mati/Documents/FinalRobotica2018-master/catkin_ws/build/lazo_abierto/CMakeFiles/CMakeTmp

Run Build Command:"/usr/bin/make" "cmTC_aedfe/fast"
/usr/bin/make -f CMakeFiles/cmTC_aedfe.dir/build.make CMakeFiles/cmTC_aedfe.dir/build
make[1]: Entering directory '/home/mati/Documents/FinalRobotica2018-master/catkin_ws/build/lazo_abierto/CMakeFiles/CMakeTmp'
Building C object CMakeFiles/cmTC_aedfe.dir/CheckFunctionExists.c.o
/usr/bin/cc    -DCHECK_FUNCTION_EXISTS=pthread_create   -o CMakeFiles/cmTC_aedfe.dir/CheckFunctionExists.c.o   -c /usr/share/cmake-3.5/Modules/CheckFunctionExists.c
Linking C executable cmTC_aedfe
/usr/bin/cmake -E cmake_link_script CMakeFiles/cmTC_aedfe.dir/link.txt --verbose=1
/usr/bin/cc   -DCHECK_FUNCTION_EXISTS=pthread_create    CMakeFiles/cmTC_aedfe.dir/CheckFunctionExists.c.o  -o cmTC_aedfe -rdynamic -lpthreads 
/usr/bin/ld: cannot find -lpthreads
collect2: error: ld returned 1 exit status
CMakeFiles/cmTC_aedfe.dir/build.make:97: recipe for target 'cmTC_aedfe' failed
make[1]: *** [cmTC_aedfe] Error 1
make[1]: Leaving directory '/home/mati/Documents/FinalRobotica2018-master/catkin_ws/build/lazo_abierto/CMakeFiles/CMakeTmp'
Makefile:126: recipe for target 'cmTC_aedfe/fast' failed
make: *** [cmTC_aedfe/fast] Error 2


